[W 18:52:31.519 NotebookApp] 
        webapp_settings is deprecated, use tornado_settings.
    
[I 18:52:31.811 NotebookApp] Writing notebook server cookie secret to /run/user/1000/jupyter/notebook_cookie_secret
[I 18:52:56.731 NotebookApp] Serving notebooks from local directory: /home/ubuntu/kaggle/Facebook/src
[I 18:52:56.731 NotebookApp] 0 active kernels 
[I 18:52:56.731 NotebookApp] The Jupyter Notebook is running at: https://[all ip addresses on your system]:8888/ipython/
[I 18:52:56.731 NotebookApp] Use Control-C to stop this server and shut down all kernels (twice to skip confirmation).
[W 19:05:29.300 NotebookApp] SSL Error on 8 ('199.116.169.254', 46164): [SSL: WRONG_VERSION_NUMBER] wrong version number (_ssl.c:590)
[I 19:05:34.091 NotebookApp] 302 GET /ipython (204.13.59.70) 0.65ms
[I 19:05:34.125 NotebookApp] 302 GET /ipython/tree (204.13.59.70) 0.78ms
[I 19:05:41.231 NotebookApp] 302 POST /ipython/login?next=%2Fipython%2Ftree (204.13.59.70) 0.87ms
[I 19:14:39.769 NotebookApp] Creating new notebook in 
[I 19:14:44.112 NotebookApp] Kernel started: 8cbebb41-b358-4592-a9d1-e35ffe1b9bb2
[I 19:16:44.187 NotebookApp] Saving file at /Untitled.ipynb
[I 19:20:44.055 NotebookApp] Saving file at /checkin.ipynb
[I 19:22:44.192 NotebookApp] Saving file at /checkin.ipynb
[I 19:34:44.091 NotebookApp] Saving file at /checkin.ipynb
[I 19:36:44.389 NotebookApp] Saving file at /checkin.ipynb
[C 21:49:28.403 NotebookApp] received signal 15, stopping
[I 21:49:28.404 NotebookApp] Shutting down kernels
[I 21:49:28.506 NotebookApp] Kernel shutdown: 8cbebb41-b358-4592-a9d1-e35ffe1b9bb2
