/home/ubuntu/anaconda/lib/python2.7/site-packages/pandas/core/indexing.py:465: SettingWithCopyWarning: 
A value is trying to be set on a copy of a slice from a DataFrame.
Try using .loc[row_indexer,col_indexer] = value instead

See the caveats in the documentation: http://pandas.pydata.org/pandas-docs/stable/indexing.html#indexing-view-versus-copy
  self.obj[item] = s
Started
train_categorical.csv
0
1
2
3
4
5
6
7
8
9
10
11
12
13
14
15
16
17
18
19
20
21
22
23
train_date.csv
0
1
2
3
4
5
6
7
8
9
10
11
12
13
14
15
16
17
18
19
20
21
22
23
train_numeric.csv
0
1
2
3
4
5
6
7
8
9
10
11
12
13
14
15
16
17
18
19
20
21
22
23
test_categorical.csv
0
1
2
3
4
5
6
7
8
9
10
11
12
13
14
15
16
17
18
19
20
21
22
23
test_date.csv
0
1
2
3
4
5
6
7
8
9
10
11
12
13
14
15
16
17
18
19
20
21
22
23
test_numeric.csv
0
1
2
3
4
5
6
7
8
9
10
11
12
13
14
15
16
17
18
19
20
21
22
23
Index([u'Id', u'L1_S24_F1510', u'L1_S24_F1525', u'L1_S24_F1559',
       u'L1_S24_F1582', u'L1_S24_F1827', u'L3_S32_F3851', u'L3_S32_F3854',
       u'L0_S21_D514', u'L1_S24_D1828',
       ...
       u'L3_S50_F4245', u'L3_S50_F4247', u'L3_S50_F4249', u'L3_S50_F4251',
       u'L3_S50_F4253', u'L3_S51_F4256', u'L3_S51_F4258', u'L3_S51_F4260',
       u'L3_S51_F4262', u'Response'],
      dtype='object', length=994)
L1_S24_F1559
L3_S32_F3851
L1_S24_F1827
L1_S24_F1582
L3_S32_F3854
L1_S24_F1510
L1_S24_F1525
L0_S21_D514
L1_S24_D1828
L1_S25_D1887
L2_S27_D3156
L2_S28_D3227
L3_S29_D3325
L3_S30_D3496
L3_S30_D3506
L3_S30_D3501
L3_S30_D3516
L3_S30_D3511
L3_S32_D3852
L3_S33_D3856
L3_S36_D3940
L3_S37_D3942
L3_S47_D4175
L3_S51_D4257
('Train:', (591873, 994))
('Test', (1183748, 993))
Index([u'L1_S24_F1510', u'L1_S24_F1525', u'L1_S24_F1559', u'L1_S24_F1582',
       u'L1_S24_F1827', u'L3_S32_F3851', u'L3_S32_F3854', u'L0_S21_D514',
       u'L1_S24_D1828', u'L1_S25_D1887',
       ...
       u'L3_S50_F4243', u'L3_S50_F4245', u'L3_S50_F4247', u'L3_S50_F4249',
       u'L3_S50_F4251', u'L3_S50_F4253', u'L3_S51_F4256', u'L3_S51_F4258',
       u'L3_S51_F4260', u'L3_S51_F4262'],
      dtype='object', length=992)
Fitting
('Fold:', 0)
[0]	train-MCC:0.172094	val-MCC:0.172094
Multiple eval metrics have been passed: 'val-MCC' will be used for early stopping.

Will train until val-MCC hasn't improved in 20 rounds.
[1]	train-MCC:0.189664	val-MCC:0.189664
[2]	train-MCC:0.195139	val-MCC:0.195139
[3]	train-MCC:0.200293	val-MCC:0.200293
[4]	train-MCC:0.208718	val-MCC:0.208718
[5]	train-MCC:0.214228	val-MCC:0.214228
[6]	train-MCC:0.221065	val-MCC:0.221065
[7]	train-MCC:0.225966	val-MCC:0.225966
[8]	train-MCC:0.226878	val-MCC:0.226878
[9]	train-MCC:0.231816	val-MCC:0.231816
[10]	train-MCC:0.235381	val-MCC:0.235381
[11]	train-MCC:0.237926	val-MCC:0.237926
[12]	train-MCC:0.240266	val-MCC:0.240266
[13]	train-MCC:0.244825	val-MCC:0.244825
[14]	train-MCC:0.247686	val-MCC:0.247686
[15]	train-MCC:0.250079	val-MCC:0.250079
[16]	train-MCC:0.251266	val-MCC:0.251266
[17]	train-MCC:0.254802	val-MCC:0.254802
[18]	train-MCC:0.254451	val-MCC:0.254451
[19]	train-MCC:0.257284	val-MCC:0.257284
[20]	train-MCC:0.260698	val-MCC:0.260698
[21]	train-MCC:0.262771	val-MCC:0.262771
[22]	train-MCC:0.265576	val-MCC:0.265576
[23]	train-MCC:0.266332	val-MCC:0.266332
[24]	train-MCC:0.271733	val-MCC:0.271733
[25]	train-MCC:0.273421	val-MCC:0.273421
[26]	train-MCC:0.275304	val-MCC:0.275304
[27]	train-MCC:0.275718	val-MCC:0.275718
[28]	train-MCC:0.277501	val-MCC:0.277501
[29]	train-MCC:0.279343	val-MCC:0.279343
[30]	train-MCC:0.28138	val-MCC:0.28138
[31]	train-MCC:0.281874	val-MCC:0.281874
[32]	train-MCC:0.28327	val-MCC:0.28327
[33]	train-MCC:0.284698	val-MCC:0.284698
[34]	train-MCC:0.286014	val-MCC:0.286014
[35]	train-MCC:0.287266	val-MCC:0.287266
[36]	train-MCC:0.288995	val-MCC:0.288995
[37]	train-MCC:0.293058	val-MCC:0.293058
[38]	train-MCC:0.295983	val-MCC:0.295983
[39]	train-MCC:0.298178	val-MCC:0.298178
[40]	train-MCC:0.29963	val-MCC:0.29963
[41]	train-MCC:0.299528	val-MCC:0.299528
[42]	train-MCC:0.30058	val-MCC:0.30058
[43]	train-MCC:0.301409	val-MCC:0.301409
[44]	train-MCC:0.301239	val-MCC:0.301239
[45]	train-MCC:0.30263	val-MCC:0.30263
[46]	train-MCC:0.303319	val-MCC:0.303319
[47]	train-MCC:0.305164	val-MCC:0.305164
[48]	train-MCC:0.305156	val-MCC:0.305156
[49]	train-MCC:0.30531	val-MCC:0.30531
[50]	train-MCC:0.305544	val-MCC:0.305544
[51]	train-MCC:0.307913	val-MCC:0.307913
[52]	train-MCC:0.30757	val-MCC:0.30757
[53]	train-MCC:0.309193	val-MCC:0.309193
[54]	train-MCC:0.309588	val-MCC:0.309588
[55]	train-MCC:0.309884	val-MCC:0.309884
[56]	train-MCC:0.31145	val-MCC:0.31145
[57]	train-MCC:0.311828	val-MCC:0.311828
[58]	train-MCC:0.31266	val-MCC:0.31266
[59]	train-MCC:0.314238	val-MCC:0.314238
[60]	train-MCC:0.314127	val-MCC:0.314127
[61]	train-MCC:0.316749	val-MCC:0.316749
[62]	train-MCC:0.318032	val-MCC:0.318032
[63]	train-MCC:0.317758	val-MCC:0.317758
[64]	train-MCC:0.319135	val-MCC:0.319135
[65]	train-MCC:0.319253	val-MCC:0.319253
[66]	train-MCC:0.32054	val-MCC:0.32054
[67]	train-MCC:0.321765	val-MCC:0.321765
[68]	train-MCC:0.323602	val-MCC:0.323602
[69]	train-MCC:0.323813	val-MCC:0.323813
[70]	train-MCC:0.324548	val-MCC:0.324548
[71]	train-MCC:0.324614	val-MCC:0.324614
[72]	train-MCC:0.326211	val-MCC:0.326211
[73]	train-MCC:0.326163	val-MCC:0.326163
[74]	train-MCC:0.325723	val-MCC:0.325723
[75]	train-MCC:0.326351	val-MCC:0.326351
[76]	train-MCC:0.327122	val-MCC:0.327122
[77]	train-MCC:0.326877	val-MCC:0.326877
[78]	train-MCC:0.327034	val-MCC:0.327034
[79]	train-MCC:0.327405	val-MCC:0.327405
[80]	train-MCC:0.32771	val-MCC:0.32771
[81]	train-MCC:0.328674	val-MCC:0.328674
[82]	train-MCC:0.328684	val-MCC:0.328684
[83]	train-MCC:0.328808	val-MCC:0.328808
[84]	train-MCC:0.328866	val-MCC:0.328866
[85]	train-MCC:0.330051	val-MCC:0.330051
[86]	train-MCC:0.331455	val-MCC:0.331455
[87]	train-MCC:0.331636	val-MCC:0.331636
[88]	train-MCC:0.331785	val-MCC:0.331785
[89]	train-MCC:0.332064	val-MCC:0.332064
[90]	train-MCC:0.333177	val-MCC:0.333177
[91]	train-MCC:0.333996	val-MCC:0.333996
[92]	train-MCC:0.334174	val-MCC:0.334174
[93]	train-MCC:0.334363	val-MCC:0.334363
[94]	train-MCC:0.334799	val-MCC:0.334799
[95]	train-MCC:0.334581	val-MCC:0.334581
[96]	train-MCC:0.334405	val-MCC:0.334405
[97]	train-MCC:0.334825	val-MCC:0.334825
[98]	train-MCC:0.335035	val-MCC:0.335035
[99]	train-MCC:0.335969	val-MCC:0.335969
('tree limit:', 100)
('mcc:', 29.339295207380509)
0.0169581569108
('Importance array: ', [('L3_S30_F3744', 245), ('L3_S30_F3754', 204), ('L3_S33_F3859', 201), ('L3_S29_F3407', 177), ('L3_S37_D3942', 169), ('L3_S33_F3857', 155), ('L3_S30_F3749', 153), ('L3_S30_F3774', 137), ('L3_S33_F3865', 133), ('L0_S0_F20', 132), ('L0_S0_F18', 129), ('L1_S24_F1846', 127), ('L3_S30_F3804', 126), ('L3_S29_D3325', 126), ('L3_S30_F3769', 125), ('L3_S36_F3920', 125), ('L3_S32_D3852', 124), ('L3_S29_F3351', 115), ('L3_S30_D3496', 113), ('L3_S30_F3574', 110), ('L1_S24_F1723', 108), ('L3_S29_F3345', 106), ('L3_S38_F3956', 106), ('L0_S1_F24', 101), ('L3_S30_F3704', 101), ('L3_S30_F3759', 100), ('L3_S30_F3809', 95), ('L3_S33_D3856', 94), ('L3_S29_F3479', 93), ('L1_S24_F1844', 93), ('L3_S29_F3342', 92), ('L3_S30_F3829', 89), ('L3_S30_F3519', 83), ('L3_S29_F3379', 80), ('L3_S30_F3794', 80), ('L3_S32_F3854', 77), ('L3_S35_F3889', 74), ('L3_S29_F3327', 74), ('L3_S29_F3321', 74), ('L0_S5_F116', 73), ('L3_S35_F3896', 72), ('L0_S0_F16', 70), ('L3_S47_D4175', 69), ('L0_S1_F28', 69), ('L3_S30_F3554', 69), ('L3_S29_F3373', 68), ('L3_S30_F3639', 67), ('L3_S38_F3960', 66), ('L0_S4_F104', 66), ('L0_S5_F114', 65), ('L3_S29_F3357', 65), ('L3_S29_F3336', 64), ('L3_S30_F3604', 64), ('L3_S29_F3348', 63), ('L3_S29_F3339', 63), ('L0_S12_F330', 62), ('L0_S3_F72', 62), ('L3_S29_F3430', 59), ('L3_S30_F3819', 58), ('L0_S0_F12', 58), ('L3_S29_F3354', 56), ('L3_S30_F3579', 56), ('L3_S30_F3784', 55), ('L3_S30_F3629', 55), ('L0_S12_F346', 55), ('L3_S29_F3315', 54), ('L0_S0_F0', 54), ('L0_S7_F138', 53), ('L1_S24_D1828', 53), ('L3_S30_F3494', 51), ('L3_S36_D3940', 51), ('L0_S13_F354', 49), ('L0_S2_F60', 48), ('L0_S6_F122', 48), ('L3_S29_F3330', 47), ('L3_S29_F3427', 47), ('L3_S30_F3609', 47), ('L3_S45_F4124', 47), ('L0_S0_F2', 46), ('L0_S0_F22', 45), ('L3_S40_F3982', 44), ('L2_S26_F3106', 44), ('L3_S44_F4118', 44), ('L3_S30_F3509', 43), ('L0_S11_F326', 43), ('L3_S30_F3584', 43), ('L3_S38_F3952', 43), ('L0_S2_F32', 42), ('L0_S12_F332', 41), ('L3_S32_F3850', 41), ('L3_S48_F4198', 41), ('L3_S29_F3324', 41), ('L0_S8_F144', 40), ('L3_S40_F3986', 40), ('L3_S40_F3984', 40), ('L3_S30_F3544', 39), ('L3_S47_F4153', 39), ('L3_S29_F3473', 39), ('L3_S30_F3534', 39), ('L0_S3_F96', 39), ('L3_S29_F3376', 38), ('L3_S30_F3799', 38), ('L0_S11_F294', 38), ('L3_S29_F3382', 38), ('L0_S10_F259', 37), ('L0_S6_F132', 37), ('L3_S50_F4243', 36), ('L1_S24_F1632', 36), ('L3_S30_F3709', 36), ('L0_S14_F370', 35), ('L0_S13_F356', 35), ('L0_S9_F155', 35), ('L3_S30_F3669', 34), ('L1_S24_F1657', 34), ('L2_S26_F3069', 34), ('L1_S24_F1798', 33), ('L0_S0_F10', 33), ('L0_S2_F36', 33), ('L1_S25_F2101', 32), ('L3_S48_F4196', 32), ('L2_S26_F3117', 32), ('L3_S33_F3855', 31), ('L3_S29_F3476', 31), ('L1_S24_F1578', 31), ('L0_S11_F286', 31), ('L3_S29_F3412', 31), ('L1_S24_F1695', 30), ('L0_S2_F44', 30), ('L3_S30_F3514', 30), ('L3_S41_F4000', 29), ('L3_S30_F3504', 29), ('L3_S47_F4158', 29), ('L0_S3_F100', 29), ('L3_S29_F3433', 29), ('L3_S29_F3436', 29), ('L2_S27_F3155', 29), ('L3_S41_F4020', 29), ('L3_S36_F3924', 29), ('L3_S30_F3689', 29), ('L3_S29_F3333', 28), ('L0_S23_F671', 28), ('L3_S30_F3569', 28), ('L0_S16_F421', 28), ('L2_S26_F3062', 28), ('L0_S11_F322', 27), ('L0_S19_F455', 27), ('L3_S51_D4257', 27), ('L0_S9_F195', 27), ('L3_S30_F3624', 27), ('L3_S30_D3501', 27), ('L3_S29_F3318', 26), ('L0_S12_F350', 26), ('L0_S0_F6', 26), ('L1_S24_F1604', 25), ('L1_S24_F1565', 25), ('L3_S40_F3980', 25), ('L2_S26_F3047', 25), ('L1_S24_F1498', 25), ('L3_S49_F4211', 25), ('L0_S9_F210', 24), ('L0_S11_F318', 23), ('L3_S41_F4014', 23), ('L3_S29_F3449', 23), ('L0_S0_F8', 23), ('L3_S30_F3674', 23), ('L1_S25_F2126', 22), ('L0_S3_F84', 22), ('L0_S0_F14', 22), ('L3_S43_F4090', 21), ('L3_S30_F3524', 21), ('L3_S30_F3634', 20), ('L0_S19_F459', 20), ('L0_S0_F4', 20), ('L3_S30_F3684', 20), ('L0_S7_F142', 20), ('L3_S41_F4008', 19), ('L3_S30_F3644', 19), ('L3_S30_F3764', 19), ('L3_S43_F4080', 19), ('L0_S3_F80', 19), ('L3_S29_F3458', 19), ('L1_S25_F1958', 19), ('L3_S29_F3388', 18), ('L0_S10_F229', 18), ('L0_S3_F92', 18), ('L3_S41_F4006', 17), ('L1_S24_F1516', 17), ('L0_S12_F348', 17), ('L0_S2_F48', 17), ('L3_S47_F4163', 17), ('L3_S30_F3564', 17), ('L3_S41_F4018', 17), ('L0_S9_F160', 16), ('L1_S24_F1662', 16), ('L3_S29_F3401', 16), ('L0_S14_F362', 16), ('L3_S29_F3385', 16), ('L3_S30_F3664', 16), ('L0_S10_F224', 16), ('L0_S16_F426', 16), ('L0_S4_F109', 16), ('L3_S44_F4121', 16), ('L3_S41_F4004', 15), ('L3_S30_F3649', 15), ('L0_S10_F249', 15), ('L1_S25_F2116', 15), ('L1_S25_F2460', 15), ('L3_S41_F4026', 15), ('L3_S30_D3506', 15), ('L0_S11_F314', 14), ('L3_S29_F3424', 14), ('L3_S30_F3589', 14), ('L0_S9_F200', 14), ('L3_S29_F3455', 14), ('L3_S41_F4016', 14), ('L0_S11_F282', 14), ('L1_S24_F1685', 14), ('L0_S23_F623', 14), ('L3_S44_F4115', 13), ('L1_S24_F1672', 13), ('L1_S24_F1494', 13), ('L3_S29_F3395', 13), ('L1_S24_F1700', 13), ('L0_S11_F290', 13), ('L3_S48_F4193', 13), ('L0_S9_F180', 13), ('L0_S22_F551', 13), ('L3_S30_F3679', 13), ('L2_S26_F3113', 13), ('L1_S24_F1265', 12), ('L0_S18_F439', 12), ('L1_S24_F1514', 12), ('L1_S24_F1842', 12), ('L1_S24_F1831', 12), ('L0_S9_F165', 12), ('L0_S14_F386', 12), ('L1_S24_F1303', 12), ('L0_S17_F433', 12), ('L0_S22_F591', 12), ('L3_S30_F3499', 11), ('L2_S26_F3073', 11), ('L1_S25_F2066', 11), ('L1_S25_F2111', 11), ('L3_S30_F3539', 11), ('L3_S41_F4023', 11), ('L3_S29_F3404', 11), ('L0_S17_F431', 11), ('L3_S29_F3461', 11), ('L1_S24_F1758', 11), ('L2_S26_F3121', 11), ('L3_S29_F3464', 11), ('L1_S24_F1850', 10), ('L0_S22_F571', 10), ('L1_S24_F1743', 10), ('L3_S29_F3452', 10), ('L0_S11_F306', 10), ('L1_S24_F1728', 10), ('L0_S12_F340', 10), ('L3_S47_F4138', 10), ('L0_S10_F244', 9), ('L2_S26_F3036', 9), ('L1_S24_F1581', 9), ('L0_S15_F418', 9), ('L0_S15_F397', 9), ('L3_S34_F3880', 9), ('L1_S24_F1652', 9), ('L3_S30_F3529', 9), ('L1_S24_F1829', 9), ('L3_S36_F3918', 8), ('L1_S25_F2144', 8), ('L0_S11_F310', 8), ('L3_S29_F3421', 8), ('L2_S26_F3051', 8), ('L3_S29_F3370', 8), ('L1_S25_F2158', 8), ('L2_S27_F3210', 8), ('L2_S27_F3214', 8), ('L0_S15_F415', 8), ('L3_S29_F3442', 8), ('L3_S29_F3367', 8), ('L3_S29_F3439', 8), ('L2_S27_F3162', 8), ('L0_S15_F406', 8), ('L3_S41_F4011', 8), ('L0_S21_F477', 8), ('L3_S35_F3894', 8), ('L2_S28_F3303', 8), ('L0_S22_F606', 8), ('L3_S30_F3559', 8), ('L0_S22_F611', 7), ('L1_S24_F1667', 7), ('L1_S24_F1520', 7), ('L1_S25_F2016', 7), ('L3_S29_F3360', 7), ('L3_S33_F3873', 7), ('L0_S15_F403', 7), ('L0_S12_F352', 7), ('L3_S31_F3846', 7), ('L1_S24_F1544', 7), ('L0_S10_F234', 7), ('L1_S25_F2147', 6), ('L2_S27_F3133', 6), ('L3_S30_F3549', 6), ('L1_S24_F1609', 6), ('L1_S24_F1788', 6), ('L3_S44_F4112', 6), ('L3_S34_F3876', 6), ('L1_S25_F2106', 6), ('L2_S27_F3144', 6), ('L1_S24_F1637', 6), ('L2_S26_F3040', 6), ('L1_S24_F1567', 6), ('L1_S25_F2997', 6), ('L1_S24_F1575', 6), ('L1_S24_F1822', 6), ('L3_S50_F4253', 6), ('L1_S25_F2176', 6), ('L0_S12_F344', 6), ('L3_S47_F4143', 5), ('L0_S12_F336', 5), ('L1_S24_F1816', 5), ('L0_S2_F64', 5), ('L3_S43_F4095', 5), ('L1_S24_F1518', 5), ('L1_S25_F2152', 5), ('L1_S25_F2789', 5), ('L1_S25_F2462', 5), ('L0_S10_F254', 5), ('L1_S24_F1718', 5), ('L1_S24_F1098', 5), ('L1_S24_F1270', 5), ('L0_S9_F185', 5), ('L0_S11_F302', 5), ('L1_S25_F2758', 5), ('L0_S9_F190', 5), ('L1_S24_F902', 4), ('L1_S25_F1892', 4), ('L0_S9_F170', 4), ('L1_S24_F1773', 4), ('L1_S24_F1803', 4), ('L1_S24_F1808', 4), ('L0_S10_F219', 4), ('L1_S25_F2906', 4), ('L1_S24_F1748', 4), ('L0_S21_F502', 4), ('L1_S25_F1858', 4), ('L1_S24_F1824', 4), ('L0_S12_F342', 4), ('L3_S33_F3861', 4), ('L0_S12_F334', 3), ('L0_S10_F274', 3), ('L0_S23_F663', 3), ('L1_S25_F2770', 3), ('L0_S23_F631', 3), ('L1_S24_F1778', 3), ('L0_S21_F482', 3), ('L1_S25_F2155', 3), ('L2_S27_F3199', 3), ('L1_S24_F1569', 3), ('L2_S28_F3255', 3), ('L0_S21_F497', 3), ('L1_S24_F1838', 3), ('L1_S24_F867', 3), ('L1_S24_F1594', 3), ('L1_S24_F1599', 3), ('L3_S43_F4085', 3), ('L1_S25_F2167', 3), ('L2_S27_F3166', 3), ('L1_S24_F1571', 3), ('L0_S18_F449', 3), ('L0_S3_F76', 3), ('L2_S27_F3129', 3), ('L1_S25_F2096', 3), ('L1_S24_F1539', 3), ('L0_S23_F619', 3), ('L0_S22_F556', 3), ('L1_S25_F2173', 3), ('L0_S21_F537', 3), ('L3_S29_F3467', 3), ('L1_S25_F1869', 2), ('L1_S24_F1812', 2), ('L1_S24_F1814', 2), ('L1_S25_F3007', 2), ('L3_S50_F4249', 2), ('L1_S24_F1783', 2), ('L0_S23_F667', 2), ('L0_S21_F487', 2), ('L0_S21_F522', 2), ('L2_S27_F3140', 2), ('L3_S34_F3882', 2), ('L1_S24_F1512', 2), ('L0_S14_F390', 2), ('L3_S29_F3470', 2), ('L0_S21_F512', 2), ('L1_S24_F1573', 2), ('L0_S7_F136', 2), ('L1_S24_F1848', 2), ('L1_S24_F814', 2), ('L1_S24_F862', 2), ('L0_S2_F40', 2), ('L1_S25_F2164', 2), ('L3_S33_F3871', 2), ('L1_S25_F2797', 2), ('L1_S24_F1627', 2), ('L1_S24_F1713', 2), ('L3_S36_F3922', 2), ('L1_S25_F1885', 2), ('L2_S28_F3237', 2), ('L1_S24_F679', 2), ('L1_S25_F2071', 2), ('L1_S25_F2767', 2), ('L0_S23_F651', 2), ('L1_S24_F1763', 2), ('L1_S25_F2136', 1), ('L3_S31_F3834', 1), ('L3_S35_F3884', 1), ('L1_S24_F1818', 1), ('L1_S25_F2449', 1), ('L1_S24_F1733', 1), ('L1_S24_F1738', 1), ('L1_S25_F2925', 1), ('L0_S6_F118', 1), ('L3_S50_F4241', 1), ('L1_S24_F1134', 1), ('L0_S20_F461', 1), ('L0_S10_F239', 1), ('L0_S21_F527', 1), ('L3_S49_F4206', 1), ('L1_S24_F1690', 1), ('L0_S23_F639', 1), ('L0_S22_F546', 1), ('L0_S9_F175', 1), ('L1_S25_F2021', 1), ('L3_S49_F4236', 1), ('L0_S14_F374', 1), ('L0_S12_F338', 1), ('L1_S24_F857', 1), ('L3_S39_F3964', 1), ('L0_S3_F68', 1), ('L3_S36_F3938', 1), ('L1_S24_F1836', 1), ('L3_S30_D3511', 1), ('L1_S25_F2161', 1), ('L2_S27_F3206', 1), ('L0_S15_F400', 1), ('L1_S25_F1929', 1), ('L0_S23_F643', 1), ('L0_S22_F586', 1), ('L1_S25_F2046', 1), ('L1_S25_F1855', 1), ('L0_S21_F472', 1), ('L1_S25_F2056', 1), ('L3_S37_F3944', 1), ('L2_S28_F3307', 1), ('L1_S24_F1820', 1), ('L0_S22_F601', 1), ('L0_S22_F561', 1), ('L1_S24_F1753', 1), ('L1_S24_F1126', 1), ('L0_S2_F56', 1), ('L3_S35_F3913', 1), ('L1_S25_F2170', 1), ('L1_S25_F2091', 1), ('L3_S33_F3867', 1), ('L2_S27_D3156', 1), ('L1_S24_F1647', 1), ('L1_S24_F1834', 1), ('L1_S25_F1919', 1), ('L1_S24_F1768', 1), ('L0_S23_F659', 1)])
0.0169581569108
Finished
